[08Apr2023 00:00:07.941] [Server thread/INFO] [net.minecraft.client.server.IntegratedServer/]: Saving and pausing game...
[08Apr2023 00:00:07.991] [Server thread/INFO] [net.minecraft.server.MinecraftServer/]: Saving chunks for level 'ServerLevel[New World]'/minecraft:overworld
[08Apr2023 00:00:07.994] [Server thread/INFO] [net.minecraft.server.MinecraftServer/]: Saving chunks for level 'ServerLevel[New World]'/minecraft:the_end
[08Apr2023 00:00:07.996] [Server thread/INFO] [net.minecraft.server.MinecraftServer/]: Saving chunks for level 'ServerLevel[New World]'/minecraft:the_nether
[08Apr2023 00:00:10.678] [Server thread/INFO] [net.minecraft.server.MinecraftServer/]: [Dev: The difficulty has been set to Easy]
[08Apr2023 00:00:10.679] [Render thread/INFO] [net.minecraft.client.gui.components.ChatComponent/]: [System] [CHAT] The difficulty has been set to Easy
[08Apr2023 00:00:13.511] [Server thread/INFO] [net.minecraft.server.MinecraftServer/]: [Dev: Applied effect Hunger to Dev]
[08Apr2023 00:00:13.512] [Render thread/INFO] [net.minecraft.client.gui.components.ChatComponent/]: [System] [CHAT] Applied effect Hunger to Dev
[08Apr2023 00:00:17.691] [Server thread/INFO] [net.minecraft.client.server.IntegratedServer/]: Saving and pausing game...
[08Apr2023 00:00:17.748] [Server thread/INFO] [net.minecraft.server.MinecraftServer/]: Saving chunks for level 'ServerLevel[New World]'/minecraft:overworld
[08Apr2023 00:00:17.753] [Server thread/INFO] [net.minecraft.server.MinecraftServer/]: Saving chunks for level 'ServerLevel[New World]'/minecraft:the_end
[08Apr2023 00:00:17.754] [Server thread/INFO] [net.minecraft.server.MinecraftServer/]: Saving chunks for level 'ServerLevel[New World]'/minecraft:the_nether
[08Apr2023 00:00:18.195] [Server thread/INFO] [net.minecraft.server.network.ServerGamePacketListenerImpl/]: Dev lost connection: Disconnected
[08Apr2023 00:00:18.195] [Server thread/INFO] [net.minecraft.server.MinecraftServer/]: Dev left the game
[08Apr2023 00:00:18.226] [Server thread/INFO] [net.minecraft.server.network.ServerGamePacketListenerImpl/]: Stopping singleplayer server as player logged out
[08Apr2023 00:00:18.254] [Server thread/INFO] [net.minecraft.server.MinecraftServer/]: Stopping server
[08Apr2023 00:00:18.254] [Server thread/INFO] [net.minecraft.server.MinecraftServer/]: Saving players
[08Apr2023 00:00:18.256] [Server thread/INFO] [net.minecraft.server.MinecraftServer/]: Saving worlds
[08Apr2023 00:00:18.608] [Server thread/INFO] [net.minecraft.server.MinecraftServer/]: Saving chunks for level 'ServerLevel[New World]'/minecraft:overworld
[08Apr2023 00:00:22.271] [Server thread/INFO] [net.minecraft.server.MinecraftServer/]: Saving chunks for level 'ServerLevel[New World]'/minecraft:the_end
[08Apr2023 00:00:22.273] [Server thread/INFO] [net.minecraft.server.MinecraftServer/]: Saving chunks for level 'ServerLevel[New World]'/minecraft:the_nether
[08Apr2023 00:00:22.352] [Server thread/INFO] [net.minecraft.server.MinecraftServer/]: ThreadedAnvilChunkStorage (New World): All chunks are saved
[08Apr2023 00:00:22.352] [Server thread/INFO] [net.minecraft.server.MinecraftServer/]: ThreadedAnvilChunkStorage (DIM1): All chunks are saved
[08Apr2023 00:00:22.352] [Server thread/INFO] [net.minecraft.server.MinecraftServer/]: ThreadedAnvilChunkStorage (DIM-1): All chunks are saved
[08Apr2023 00:00:22.352] [Server thread/INFO] [net.minecraft.server.MinecraftServer/]: ThreadedAnvilChunkStorage: All dimensions are saved
[08Apr2023 00:00:24.817] [Render thread/INFO] [net.minecraft.client.Minecraft/]: Stopping!
